Downloading/unpacking urllib

  Getting page https://pypi.python.org/simple/urllib/
  Could not fetch URL https://pypi.python.org/simple/urllib/: HTTP Error 404: Not Found
  Will skip URL https://pypi.python.org/simple/urllib/ when looking for download links for urllib
  Getting page https://pypi.python.org/simple/
  URLs to search for versions for urllib:
  * https://pypi.python.org/simple/urllib/
  Getting page https://pypi.python.org/simple/urllib/
  Could not fetch URL https://pypi.python.org/simple/urllib/: HTTP Error 404: Not Found
  Will skip URL https://pypi.python.org/simple/urllib/ when looking for download links for urllib
  Could not find any downloads that satisfy the requirement urllib

Cleaning up...

  Removing temporary dir /home/venv/build...
No distributions at all found for urllib

Exception information:
Traceback (most recent call last):
  File "/home/venv/local/lib/python2.7/site-packages/pip/basecommand.py", line 134, in main
    status = self.run(options, args)
  File "/home/venv/local/lib/python2.7/site-packages/pip/commands/install.py", line 236, in run
    requirement_set.prepare_files(finder, force_root_egg_info=self.bundle, bundle=self.bundle)
  File "/home/venv/local/lib/python2.7/site-packages/pip/req.py", line 1085, in prepare_files
    url = finder.find_requirement(req_to_install, upgrade=self.upgrade)
  File "/home/venv/local/lib/python2.7/site-packages/pip/index.py", line 265, in find_requirement
    raise DistributionNotFound('No distributions at all found for %s' % req)
DistributionNotFound: No distributions at all found for urllib
